<?xml version="1.0" encoding="UTF-8"?>
<testng-results ignored="0" total="2" passed="2" failed="0" skipped="0">
  <reporter-output>
  </reporter-output>
  <suite started-at="2023-08-29T21:08:50 IST" name="Suite" finished-at="2023-08-29T21:08:54 IST" duration-ms="4585">
    <groups>
    </groups>
    <test started-at="2023-08-29T21:08:50 IST" name="Test" finished-at="2023-08-29T21:08:54 IST" duration-ms="4585">
      <class name="com.TestNg_IPT.runner.RunnerIPT1">
        <test-method is-config="true" signature="Url()[pri:0, instance:com.TestNg_IPT.runner.RunnerIPT1@63376bed]" started-at="2023-08-29T21:08:50 IST" name="Url" finished-at="2023-08-29T21:08:54 IST" duration-ms="4001" status="PASS">
          <reporter-output>
          </reporter-output>
        </test-method> <!-- Url -->
        <test-method signature="mom_baby()[pri:1, instance:com.TestNg_IPT.runner.RunnerIPT1@63376bed]" started-at="2023-08-29T21:08:54 IST" name="mom_baby" finished-at="2023-08-29T21:08:54 IST" duration-ms="222" status="PASS">
          <reporter-output>
          </reporter-output>
        </test-method> <!-- mom_baby -->
        <test-method signature="powder()[pri:2, instance:com.TestNg_IPT.runner.RunnerIPT1@63376bed]" started-at="2023-08-29T21:08:54 IST" name="powder" finished-at="2023-08-29T21:08:54 IST" duration-ms="314" status="PASS">
          <reporter-output>
          </reporter-output>
        </test-method> <!-- powder -->
      </class> <!-- com.TestNg_IPT.runner.RunnerIPT1 -->
    </test> <!-- Test -->
  </suite> <!-- Suite -->
</testng-results>
